build/app/intermediates/manifest_merge_blame_file/release/manifest-merger-blame-release-report.txt
1<?xml version="1.0" encoding="utf-8"?>
2<!--
3 Copyright 2014 The Flutter Authors. All rights reserved.
4Use of this source code is governed by a BSD-style license that can be
5found in the LICENSE file.
6-->
7<manifest xmlns:android="http://schemas.android.com/apk/res/android"
8    package="io.flutter.examples.hello_world"
9    android:versionCode="1"
10    android:versionName="1.0" >
11
12    <uses-sdk
13        android:minSdkVersion="21"
13-->src\main\AndroidManifest.xml
14        android:targetSdkVersion="34" />
14-->src\main\AndroidManifest.xml
15
16    <!--
17         The INTERNET permission is required for development. Specifically,
18         flutter needs it to communicate with the running application
19         to allow setting breakpoints, to provide hot reload, etc.
20    -->
21    <uses-permission android:name="android.permission.INTERNET" />
21-->src\main\AndroidManifest.xml:11:5-66
21-->src\main\AndroidManifest.xml:11:22-64
22    <!--
23         Required to query activities that can process text, see:
24         https://developer.android.com/training/package-visibility and
25         https://developer.android.com/reference/android/content/Intent#ACTION_PROCESS_TEXT.
26
27         In particular, this is used by the Flutter engine in io.flutter.plugin.text.ProcessTextPlugin.
28    -->
29    <queries>
29-->src\main\AndroidManifest.xml:36:5-41:15
30        <intent>
30-->src\main\AndroidManifest.xml:37:9-40:18
31            <action android:name="android.intent.action.PROCESS_TEXT" />
31-->src\main\AndroidManifest.xml:38:13-72
31-->src\main\AndroidManifest.xml:38:21-70
32
33            <data android:mimeType="text/plain" />
33-->src\main\AndroidManifest.xml:39:13-50
33-->src\main\AndroidManifest.xml:39:19-48
34        </intent>
35    </queries>
36
37    <permission
37-->[androidx.core:core:1.13.1] AndroidManifest.xml:22:5-24:47
38        android:name="io.flutter.examples.hello_world.DYNAMIC_RECEIVER_NOT_EXPORTED_PERMISSION"
38-->[androidx.core:core:1.13.1] AndroidManifest.xml:23:9-81
39        android:protectionLevel="signature" />
39-->[androidx.core:core:1.13.1] AndroidManifest.xml:24:9-44
40
41    <uses-permission android:name="io.flutter.examples.hello_world.DYNAMIC_RECEIVER_NOT_EXPORTED_PERMISSION" />
41-->[androidx.core:core:1.13.1] AndroidManifest.xml:26:5-97
41-->[androidx.core:core:1.13.1] AndroidManifest.xml:26:22-94
42
43    <application
43-->src\main\AndroidManifest.xml:13:5-30:19
44        android:appComponentFactory="androidx.core.app.CoreComponentFactory"
44-->[androidx.core:core:1.13.1] AndroidManifest.xml:28:18-86
45        android:icon="@mipmap/ic_launcher"
45-->src\main\AndroidManifest.xml:13:46-80
46        android:label="hello_world" >
46-->src\main\AndroidManifest.xml:13:18-45
47        <activity
47-->src\main\AndroidManifest.xml:14:9-24:20
48            android:name="io.flutter.embedding.android.FlutterActivity"
48-->src\main\AndroidManifest.xml:14:19-78
49            android:configChanges="orientation|keyboardHidden|keyboard|screenSize|locale|layoutDirection|fontScale|screenLayout|density|uiMode"
49-->src\main\AndroidManifest.xml:17:19-150
50            android:exported="true"
50-->src\main\AndroidManifest.xml:15:19-42
51            android:hardwareAccelerated="true"
51-->src\main\AndroidManifest.xml:18:19-53
52            android:theme="@android:style/Theme.Black.NoTitleBar"
52-->src\main\AndroidManifest.xml:16:19-72
53            android:windowSoftInputMode="adjustResize" >
53-->src\main\AndroidManifest.xml:19:19-61
54            <intent-filter>
54-->src\main\AndroidManifest.xml:20:13-23:29
55                <action android:name="android.intent.action.MAIN" />
55-->src\main\AndroidManifest.xml:21:17-68
55-->src\main\AndroidManifest.xml:21:25-66
56
57                <category android:name="android.intent.category.LAUNCHER" />
57-->src\main\AndroidManifest.xml:22:17-76
57-->src\main\AndroidManifest.xml:22:27-74
58            </intent-filter>
59        </activity>
60        <!--
61         Don't delete the meta-data below.
62         This is used by the Flutter tool to generate GeneratedPluginRegistrant.java
63        -->
64        <meta-data
64-->src\main\AndroidManifest.xml:27:9-29:33
65            android:name="flutterEmbedding"
65-->src\main\AndroidManifest.xml:28:13-44
66            android:value="2" />
66-->src\main\AndroidManifest.xml:29:13-30
67
68        <uses-library
68-->[androidx.window:window:1.2.0] AndroidManifest.xml:23:9-25:40
69            android:name="androidx.window.extensions"
69-->[androidx.window:window:1.2.0] AndroidManifest.xml:24:13-54
70            android:required="false" />
70-->[androidx.window:window:1.2.0] AndroidManifest.xml:25:13-37
71        <uses-library
71-->[androidx.window:window:1.2.0] AndroidManifest.xml:26:9-28:40
72            android:name="androidx.window.sidecar"
72-->[androidx.window:window:1.2.0] AndroidManifest.xml:27:13-51
73            android:required="false" />
73-->[androidx.window:window:1.2.0] AndroidManifest.xml:28:13-37
74
75        <provider
75-->[androidx.lifecycle:lifecycle-process:2.7.0] AndroidManifest.xml:24:9-32:20
76            android:name="androidx.startup.InitializationProvider"
76-->[androidx.lifecycle:lifecycle-process:2.7.0] AndroidManifest.xml:25:13-67
77            android:authorities="io.flutter.examples.hello_world.androidx-startup"
77-->[androidx.lifecycle:lifecycle-process:2.7.0] AndroidManifest.xml:26:13-68
78            android:exported="false" >
78-->[androidx.lifecycle:lifecycle-process:2.7.0] AndroidManifest.xml:27:13-37
79            <meta-data
79-->[androidx.lifecycle:lifecycle-process:2.7.0] AndroidManifest.xml:29:13-31:52
80                android:name="androidx.lifecycle.ProcessLifecycleInitializer"
80-->[androidx.lifecycle:lifecycle-process:2.7.0] AndroidManifest.xml:30:17-78
81                android:value="androidx.startup" />
81-->[androidx.lifecycle:lifecycle-process:2.7.0] AndroidManifest.xml:31:17-49
82            <meta-data
82-->[androidx.profileinstaller:profileinstaller:1.3.1] AndroidManifest.xml:29:13-31:52
83                android:name="androidx.profileinstaller.ProfileInstallerInitializer"
83-->[androidx.profileinstaller:profileinstaller:1.3.1] AndroidManifest.xml:30:17-85
84                android:value="androidx.startup" />
84-->[androidx.profileinstaller:profileinstaller:1.3.1] AndroidManifest.xml:31:17-49
85        </provider>
86
87        <receiver
87-->[androidx.profileinstaller:profileinstaller:1.3.1] AndroidManifest.xml:34:9-52:20
88            android:name="androidx.profileinstaller.ProfileInstallReceiver"
88-->[androidx.profileinstaller:profileinstaller:1.3.1] AndroidManifest.xml:35:13-76
89            android:directBootAware="false"
89-->[androidx.profileinstaller:profileinstaller:1.3.1] AndroidManifest.xml:36:13-44
90            android:enabled="true"
90-->[androidx.profileinstaller:profileinstaller:1.3.1] AndroidManifest.xml:37:13-35
91            android:exported="true"
91-->[androidx.profileinstaller:profileinstaller:1.3.1] AndroidManifest.xml:38:13-36
92            android:permission="android.permission.DUMP" >
92-->[androidx.profileinstaller:profileinstaller:1.3.1] AndroidManifest.xml:39:13-57
93            <intent-filter>
93-->[androidx.profileinstaller:profileinstaller:1.3.1] AndroidManifest.xml:40:13-42:29
94                <action android:name="androidx.profileinstaller.action.INSTALL_PROFILE" />
94-->[androidx.profileinstaller:profileinstaller:1.3.1] AndroidManifest.xml:41:17-91
94-->[androidx.profileinstaller:profileinstaller:1.3.1] AndroidManifest.xml:41:25-88
95            </intent-filter>
96            <intent-filter>
96-->[androidx.profileinstaller:profileinstaller:1.3.1] AndroidManifest.xml:43:13-45:29
97                <action android:name="androidx.profileinstaller.action.SKIP_FILE" />
97-->[androidx.profileinstaller:profileinstaller:1.3.1] AndroidManifest.xml:44:17-85
97-->[androidx.profileinstaller:profileinstaller:1.3.1] AndroidManifest.xml:44:25-82
98            </intent-filter>
99            <intent-filter>
99-->[androidx.profileinstaller:profileinstaller:1.3.1] AndroidManifest.xml:46:13-48:29
100                <action android:name="androidx.profileinstaller.action.SAVE_PROFILE" />
100-->[androidx.profileinstaller:profileinstaller:1.3.1] AndroidManifest.xml:47:17-88
100-->[androidx.profileinstaller:profileinstaller:1.3.1] AndroidManifest.xml:47:25-85
101            </intent-filter>
102            <intent-filter>
102-->[androidx.profileinstaller:profileinstaller:1.3.1] AndroidManifest.xml:49:13-51:29
103                <action android:name="androidx.profileinstaller.action.BENCHMARK_OPERATION" />
103-->[androidx.profileinstaller:profileinstaller:1.3.1] AndroidManifest.xml:50:17-95
103-->[androidx.profileinstaller:profileinstaller:1.3.1] AndroidManifest.xml:50:25-92
104            </intent-filter>
105        </receiver>
106    </application>
107
108</manifest>